2021-02-06 18:52:06.106 - INFO - 5336 - azureml.train.automl.automlconfig._start_execution:208 - Submitting remote.
2021-02-06 18:53:46.758 - INFO - 6032 - azureml.train.automl.automlconfig._start_execution:208 - Submitting remote.
2021-02-06 19:53:50.460 - INFO - 6032 - azureml.train.automl.run._log_activity:54 - ActivityStarted: GetOutput
2021-02-06 19:53:50.537 - INFO - 6032 - azureml.train.automl.run._log_activity:54 - ActivityStarted: GetOutput
2021-02-06 19:53:50.560 - INFO - 6032 - azureml.train.automl.run._log_activity:54 - ActivityStarted: GetChildren
2021-02-06 19:53:50.710 - INFO - 6032 - azureml.train.automl.run._log_activity:92 - ActivityCompleted: Activity=GetChildren, HowEnded=Success, Duration=150.23[ms]
2021-02-06 19:53:50.710 - INFO - 6032 - azureml.train.automl.run._log_activity:92 - ActivityCompleted: Activity=GetOutput, HowEnded=Success, Duration=173.42[ms]
2021-02-06 19:53:50.740 - INFO - 6032 - azureml.train.automl._model_download_utilities._log_activity:54 - ActivityStarted: DownloadModel
2021-02-06 19:54:07.455 - INFO - 6032 - azureml.automl.runtime.distributed.utilities.horovod_initialized:58 - Horovod not found in current environment. Distribution via Horovod will be disabled.
2021-02-06 19:54:12.357 - INFO - 6032 - azureml.automl.runtime.featurization.data_transformer.__init__:184 - Feature sweeping enabled: False
2021-02-06 19:54:12.357 - INFO - 6032 - azureml.automl.runtime.featurization.data_transformer.__init__:185 - Feature sweeping timeout: 86400
2021-02-06 19:54:14.309 - INFO - 6032 - azureml.train.automl._model_download_utilities._log_activity:92 - ActivityCompleted: Activity=DownloadModel, HowEnded=Success, Duration=23568.67[ms]
2021-02-06 19:54:14.309 - INFO - 6032 - azureml.train.automl.run._log_activity:92 - ActivityCompleted: Activity=GetOutput, HowEnded=Success, Duration=23849.64[ms]
2021-02-06 19:57:04.782 - INFO - 6032 - azureml.train.automl.run._log_activity:54 - ActivityStarted: GetOutput
2021-02-06 19:57:04.855 - INFO - 6032 - azureml.train.automl.run._log_activity:54 - ActivityStarted: GetOutput
2021-02-06 19:57:04.864 - INFO - 6032 - azureml.train.automl.run._log_activity:54 - ActivityStarted: GetChildren
2021-02-06 19:57:05.000 - INFO - 6032 - azureml.train.automl.run._log_activity:92 - ActivityCompleted: Activity=GetChildren, HowEnded=Success, Duration=136.6[ms]
2021-02-06 19:57:05.000 - INFO - 6032 - azureml.train.automl.run._log_activity:92 - ActivityCompleted: Activity=GetOutput, HowEnded=Success, Duration=145.71[ms]
2021-02-06 19:57:05.014 - INFO - 6032 - azureml.train.automl._model_download_utilities._log_activity:54 - ActivityStarted: DownloadModel
2021-02-06 19:57:05.724 - INFO - 6032 - azureml.automl.runtime.featurization.data_transformer.__init__:184 - Feature sweeping enabled: False
2021-02-06 19:57:05.724 - INFO - 6032 - azureml.automl.runtime.featurization.data_transformer.__init__:185 - Feature sweeping timeout: 86400
2021-02-06 19:57:05.780 - INFO - 6032 - azureml.train.automl._model_download_utilities._log_activity:92 - ActivityCompleted: Activity=DownloadModel, HowEnded=Success, Duration=765.59[ms]
2021-02-06 19:57:05.780 - INFO - 6032 - azureml.train.automl.run._log_activity:92 - ActivityCompleted: Activity=GetOutput, HowEnded=Success, Duration=997.85[ms]
