2021-02-06 18:52:06.291 - INFO - 5336 - azureml.train.automl._azureautomlclient.modify_run_configuration:199 - Package azureml-train-automl missing from dependencies file.
2021-02-06 18:52:06.291 - INFO - 5336 - azureml.train.automl._azureautomlclient.modify_run_configuration:205 - Using pinned version: azureml-train-automl==1.20.0.*
2021-02-06 18:52:06.292 - INFO - 5336 - azureml.train.automl._azureautomlclient.modify_run_configuration:199 - Package pandas missing from dependencies file.
2021-02-06 18:52:06.292 - INFO - 5336 - azureml.train.automl._azureautomlclient.modify_run_configuration:205 - Using pinned version: pandas==0.25.1
2021-02-06 18:52:06.293 - INFO - 5336 - azureml.train.automl._azureautomlclient.modify_run_configuration:199 - Package psutil missing from dependencies file.
2021-02-06 18:52:06.293 - INFO - 5336 - azureml.train.automl._azureautomlclient.modify_run_configuration:205 - Using pinned version: psutil>5.0.0,<6.0.0
2021-02-06 18:52:06.293 - INFO - 5336 - azureml.train.automl._azureautomlclient.modify_run_configuration:199 - Package scikit-learn missing from dependencies file.
2021-02-06 18:52:06.294 - INFO - 5336 - azureml.train.automl._azureautomlclient.modify_run_configuration:205 - Using pinned version: scikit-learn==0.22.1
2021-02-06 18:52:06.294 - INFO - 5336 - azureml.train.automl._azureautomlclient.modify_run_configuration:199 - Package numpy missing from dependencies file.
2021-02-06 18:52:06.294 - INFO - 5336 - azureml.train.automl._azureautomlclient.modify_run_configuration:205 - Using pinned version: numpy~=1.18.0
2021-02-06 18:52:06.295 - INFO - 5336 - azureml.train.automl._azureautomlclient.modify_run_configuration:199 - Package py-xgboost missing from dependencies file.
2021-02-06 18:52:06.295 - INFO - 5336 - azureml.train.automl._azureautomlclient.modify_run_configuration:205 - Using pinned version: py-xgboost<=0.90
2021-02-06 18:52:06.295 - INFO - 5336 - azureml.train.automl._azureautomlclient.modify_run_configuration:199 - Package inference-schema missing from dependencies file.
2021-02-06 18:52:06.296 - INFO - 5336 - azureml.train.automl._azureautomlclient.modify_run_configuration:199 - Package fbprophet missing from dependencies file.
2021-02-06 18:52:06.296 - INFO - 5336 - azureml.train.automl._azureautomlclient.modify_run_configuration:205 - Using pinned version: fbprophet==0.5
2021-02-06 18:52:06.296 - INFO - 5336 - azureml.train.automl._azureautomlclient.modify_run_configuration:199 - Package setuptools-git missing from dependencies file.
2021-02-06 18:52:06.297 - INFO - 5336 - azureml.train.automl._azureautomlclient.modify_run_configuration:209 - Using installed version: setuptools-git==1.2
2021-02-06 18:52:06.325 - INFO - 5336 - azureml.train.automl._azureautomlclient._validate_input:664 - Start data validation.
2021-02-06 18:52:09.062 - INFO - 5336 - azureml.train.automl._azureautomlclient._validate_input:677 - Validation service found the data has no errors.
2021-02-06 18:52:09.063 - INFO - 5336 - azureml.train.automl._azureautomlclient._create_parent_run_for_remote:542 - Start creating parent run.
2021-02-06 18:52:09.905 - INFO - 5336 - azureml.train.automl._azureautomlclient._create_parent_run_for_remote:562 - [ParentRunID:AutoML_6566e852-8541-483c-8a1c-455533ba5c2e] Remote run using input X and y.
2021-02-06 18:52:10.777 - INFO - 5336 - azureml.train.automl._azureautomlclient._create_parent_run_for_remote:575 - Parent Run ID: AutoML_6566e852-8541-483c-8a1c-455533ba5c2e
2021-02-06 18:52:10.777 - INFO - 5336 - azureml.train.automl._azureautomlclient._fit_remote_core:503 - Starting a snapshot run (snapshot_id : None)
2021-02-06 18:53:46.864 - INFO - 6032 - azureml.train.automl._azureautomlclient.modify_run_configuration:199 - Package azureml-train-automl missing from dependencies file.
2021-02-06 18:53:46.864 - INFO - 6032 - azureml.train.automl._azureautomlclient.modify_run_configuration:205 - Using pinned version: azureml-train-automl==1.20.0.*
2021-02-06 18:53:46.865 - INFO - 6032 - azureml.train.automl._azureautomlclient.modify_run_configuration:199 - Package pandas missing from dependencies file.
2021-02-06 18:53:46.865 - INFO - 6032 - azureml.train.automl._azureautomlclient.modify_run_configuration:205 - Using pinned version: pandas==0.25.1
2021-02-06 18:53:46.865 - INFO - 6032 - azureml.train.automl._azureautomlclient.modify_run_configuration:199 - Package psutil missing from dependencies file.
2021-02-06 18:53:46.865 - INFO - 6032 - azureml.train.automl._azureautomlclient.modify_run_configuration:205 - Using pinned version: psutil>5.0.0,<6.0.0
2021-02-06 18:53:46.865 - INFO - 6032 - azureml.train.automl._azureautomlclient.modify_run_configuration:199 - Package scikit-learn missing from dependencies file.
2021-02-06 18:53:46.865 - INFO - 6032 - azureml.train.automl._azureautomlclient.modify_run_configuration:205 - Using pinned version: scikit-learn==0.22.1
2021-02-06 18:53:46.866 - INFO - 6032 - azureml.train.automl._azureautomlclient.modify_run_configuration:199 - Package numpy missing from dependencies file.
2021-02-06 18:53:46.866 - INFO - 6032 - azureml.train.automl._azureautomlclient.modify_run_configuration:205 - Using pinned version: numpy~=1.18.0
2021-02-06 18:53:46.866 - INFO - 6032 - azureml.train.automl._azureautomlclient.modify_run_configuration:199 - Package py-xgboost missing from dependencies file.
2021-02-06 18:53:46.866 - INFO - 6032 - azureml.train.automl._azureautomlclient.modify_run_configuration:205 - Using pinned version: py-xgboost<=0.90
2021-02-06 18:53:46.866 - INFO - 6032 - azureml.train.automl._azureautomlclient.modify_run_configuration:199 - Package inference-schema missing from dependencies file.
2021-02-06 18:53:46.867 - INFO - 6032 - azureml.train.automl._azureautomlclient.modify_run_configuration:199 - Package fbprophet missing from dependencies file.
2021-02-06 18:53:46.867 - INFO - 6032 - azureml.train.automl._azureautomlclient.modify_run_configuration:205 - Using pinned version: fbprophet==0.5
2021-02-06 18:53:46.867 - INFO - 6032 - azureml.train.automl._azureautomlclient.modify_run_configuration:199 - Package setuptools-git missing from dependencies file.
2021-02-06 18:53:46.867 - INFO - 6032 - azureml.train.automl._azureautomlclient.modify_run_configuration:209 - Using installed version: setuptools-git==1.2
2021-02-06 18:53:46.898 - INFO - 6032 - azureml.train.automl._azureautomlclient._validate_input:664 - Start data validation.
2021-02-06 18:53:51.275 - INFO - 6032 - azureml.train.automl._azureautomlclient._validate_input:677 - Validation service found the data has no errors.
2021-02-06 18:53:51.277 - INFO - 6032 - azureml.train.automl._azureautomlclient._create_parent_run_for_remote:542 - Start creating parent run.
2021-02-06 18:53:51.522 - INFO - 6032 - azureml.train.automl._azureautomlclient._create_parent_run_for_remote:562 - [ParentRunID:AutoML_6012acc0-aa0f-46c7-9f5f-2d289b51c91f] Remote run using input X and y.
2021-02-06 18:53:51.669 - INFO - 6032 - azureml.train.automl._azureautomlclient._create_parent_run_for_remote:575 - Parent Run ID: AutoML_6012acc0-aa0f-46c7-9f5f-2d289b51c91f
2021-02-06 18:53:51.669 - INFO - 6032 - azureml.train.automl._azureautomlclient._fit_remote_core:503 - Starting a snapshot run (snapshot_id : None)
